Using pre-set license
Built from '2021.3/staging' branch; Version is '2021.3.5f1 (40eb3a945986) revision 4254522'; Using compiler version '192829333'; Build Type 'Release'
OS: 'Windows 11  (10.0.22000) 64bit CoreSingleLanguage' Language: 'es' Physical Memory: 7549 MB
BatchMode: 1, IsHumanControllingUs: 0, StartBugReporterOnCrash: 0, Is64bit: 1, IsPro: 1

COMMAND LINE ARGUMENTS:
D:\2021.3.5f1\Editor\Unity.exe
-adb2
-batchMode
-noUpm
-name
AssetImportWorker1
-projectPath
D:/Unity/Unity Projects/Super Mario Bros - Hans García
-logFile
Logs/AssetImportWorker1.log
-srvPort
61159
Successfully changed project path to: D:/Unity/Unity Projects/Super Mario Bros - Hans García
D:/Unity/Unity Projects/Super Mario Bros - Hans García
[UnityMemory] Configuration Parameters - Can be set up in boot.config
    "memorysetup-bucket-allocator-granularity=16"
    "memorysetup-bucket-allocator-bucket-count=8"
    "memorysetup-bucket-allocator-block-size=33554432"
    "memorysetup-bucket-allocator-block-count=8"
    "memorysetup-main-allocator-block-size=16777216"
    "memorysetup-thread-allocator-block-size=16777216"
    "memorysetup-gfx-main-allocator-block-size=16777216"
    "memorysetup-gfx-thread-allocator-block-size=16777216"
    "memorysetup-cache-allocator-block-size=4194304"
    "memorysetup-typetree-allocator-block-size=2097152"
    "memorysetup-profiler-bucket-allocator-granularity=16"
    "memorysetup-profiler-bucket-allocator-bucket-count=8"
    "memorysetup-profiler-bucket-allocator-block-size=33554432"
    "memorysetup-profiler-bucket-allocator-block-count=8"
    "memorysetup-profiler-allocator-block-size=16777216"
    "memorysetup-profiler-editor-allocator-block-size=1048576"
    "memorysetup-temp-allocator-size-main=16777216"
    "memorysetup-job-temp-allocator-block-size=2097152"
    "memorysetup-job-temp-allocator-block-size-background=1048576"
    "memorysetup-job-temp-allocator-reduction-small-platforms=262144"
    "memorysetup-temp-allocator-size-background-worker=32768"
    "memorysetup-temp-allocator-size-job-worker=262144"
    "memorysetup-temp-allocator-size-preload-manager=33554432"
    "memorysetup-temp-allocator-size-nav-mesh-worker=65536"
    "memorysetup-temp-allocator-size-audio-worker=65536"
    "memorysetup-temp-allocator-size-cloud-worker=32768"
    "memorysetup-temp-allocator-size-gi-baking-worker=262144"
    "memorysetup-temp-allocator-size-gfx=262144"
Refreshing native plugins compatible for Editor in 57.70 ms, found 3 plugins.
Preloading 0 native plugins for Editor in 0.00 ms.
Initialize engine version: 2021.3.5f1 (40eb3a945986)
[Subsystems] Discovering subsystems at path D:/2021.3.5f1/Editor/Data/Resources/UnitySubsystems
[Subsystems] Discovering subsystems at path D:/Unity/Unity Projects/Super Mario Bros - Hans García/Assets
GfxDevice: creating device client; threaded=0; jobified=0
Direct3D:
    Version:  Direct3D 11.0 [level 11.1]
    Renderer: NVIDIA GeForce GTX 1650 (ID=0x1f99)
    Vendor:   NVIDIA
    VRAM:     3962 MB
    Driver:   30.0.15.1259
Initialize mono
Mono path[0] = 'D:/2021.3.5f1/Editor/Data/Managed'
Mono path[1] = 'D:/2021.3.5f1/Editor/Data/MonoBleedingEdge/lib/mono/unityjit-win32'
Mono config path = 'D:/2021.3.5f1/Editor/Data/MonoBleedingEdge/etc'
Using monoOptions --debugger-agent=transport=dt_socket,embedding=1,server=y,suspend=n,address=127.0.0.1:56076
Begin MonoManager ReloadAssembly
Registering precompiled unity dll's ...
Register platform support module: D:/2021.3.5f1/Editor/Data/PlaybackEngines/WindowsStandaloneSupport/UnityEditor.WindowsStandalone.Extensions.dll
Registered in 0.002425 seconds.
Native extension for WindowsStandalone target not found
Refreshing native plugins compatible for Editor in 54.36 ms, found 3 plugins.
Preloading 0 native plugins for Editor in 0.00 ms.
Mono: successfully reloaded assembly
- Completed reload, in  0.645 seconds
Domain Reload Profiling:
	ReloadAssembly (646ms)
		BeginReloadAssembly (68ms)
			ExecutionOrderSort (0ms)
			DisableScriptedObjects (0ms)
			BackupInstance (0ms)
			ReleaseScriptingObjects (0ms)
			CreateAndSetChildDomain (1ms)
		EndReloadAssembly (473ms)
			LoadAssemblies (67ms)
			RebuildTransferFunctionScriptingTraits (0ms)
			SetupTypeCache (106ms)
			ReleaseScriptCaches (0ms)
			RebuildScriptCaches (32ms)
			SetupLoadedEditorAssemblies (286ms)
				LogAssemblyErrors (0ms)
				InitializePlatformSupportModulesInManaged (8ms)
				SetLoadedEditorAssemblies (0ms)
				RefreshPlugins (54ms)
				BeforeProcessingInitializeOnLoad (1ms)
				ProcessInitializeOnLoadAttributes (174ms)
				ProcessInitializeOnLoadMethodAttributes (48ms)
				AfterProcessingInitializeOnLoad (0ms)
				EditorAssembliesLoaded (0ms)
			ExecutionOrderSort2 (0ms)
			AwakeInstancesAfterBackupRestoration (0ms)
Platform modules already initialized, skipping
Registering precompiled user dll's ...
Registered in 0.003152 seconds.
Begin MonoManager ReloadAssembly
Native extension for WindowsStandalone target not found
Refreshing native plugins compatible for Editor in 51.65 ms, found 3 plugins.
Preloading 0 native plugins for Editor in 0.00 ms.
Mono: successfully reloaded assembly
- Completed reload, in  1.118 seconds
Domain Reload Profiling:
	ReloadAssembly (1119ms)
		BeginReloadAssembly (113ms)
			ExecutionOrderSort (0ms)
			DisableScriptedObjects (6ms)
			BackupInstance (0ms)
			ReleaseScriptingObjects (0ms)
			CreateAndSetChildDomain (20ms)
		EndReloadAssembly (870ms)
			LoadAssemblies (165ms)
			RebuildTransferFunctionScriptingTraits (0ms)
			SetupTypeCache (208ms)
			ReleaseScriptCaches (1ms)
			RebuildScriptCaches (52ms)
			SetupLoadedEditorAssemblies (390ms)
				LogAssemblyErrors (0ms)
				InitializePlatformSupportModulesInManaged (4ms)
				SetLoadedEditorAssemblies (0ms)
				RefreshPlugins (52ms)
				BeforeProcessingInitializeOnLoad (64ms)
				ProcessInitializeOnLoadAttributes (218ms)
				ProcessInitializeOnLoadMethodAttributes (51ms)
				AfterProcessingInitializeOnLoad (2ms)
				EditorAssembliesLoaded (0ms)
			ExecutionOrderSort2 (0ms)
			AwakeInstancesAfterBackupRestoration (6ms)
Platform modules already initialized, skipping
========================================================================
Worker process is ready to serve import requests
Launched and connected shader compiler UnityShaderCompiler.exe after 0.26 seconds
Refreshing native plugins compatible for Editor in 1.28 ms, found 3 plugins.
Preloading 0 native plugins for Editor in 0.00 ms.
Unloading 2465 Unused Serialized files (Serialized files now loaded: 0)
Unloading 33 unused Assets / (55.4 KB). Loaded Objects now: 2925.
Memory consumption went from 111.3 MB to 111.2 MB.
Total: 3.841600 ms (FindLiveObjects: 0.313000 ms CreateObjectMapping: 0.120500 ms MarkObjects: 3.306300 ms  DeleteObjects: 0.099600 ms)

AssetImportParameters requested are different than current active one (requested -> active):
  custom:video-decoder-ogg-theora: a1e56fd34408186e4bbccfd4996cb3dc -> 
  custom:container-muxer-webm: aa71ff27fc2769a1b78a27578f13a17b -> 
  custom:container-demuxer-webm: 4f35f7cbe854078d1ac9338744f61a02 -> 
  custom:video-encoder-webm-vp8: eb34c28f22e8b96e1ab97ce403110664 -> 
  custom:video-codec-MediaFoundation-h265: 746d11721c4dcdbdad8f713fa42b33f4 -> 
  custom:audio-encoder-webm-vorbis: bf7c407c2cedff20999df2af8eb42d56 -> 
  custom:framework-win-MediaFoundation: 216162199b28c13a410421893ffa2e32 -> 
  custom:container-demuxer-ogg: 62fdf1f143b41e24485cea50d1cbac27 -> 
  custom:video-decoder-webm-vp8: 9c59270c3fd7afecdb556c50c9e8de78 -> 
  custom:audio-decoder-ogg-vorbis: bf7c407c2cedff20999df2af8eb42d56 -> 
========================================================================
Received Import Request.
  Time since last request: 62237.056243 seconds.
  path: Assets/Assets/Base pack/sample.png
  artifactKey: Guid(ee38c70f5a23c7b46a7b5cfd51bf49bd) Importer(815301076,1909f56bfc062723c751e8b465ee728b)
Start importing Assets/Assets/Base pack/sample.png using Guid(ee38c70f5a23c7b46a7b5cfd51bf49bd) Importer(815301076,1909f56bfc062723c751e8b465ee728b)  -> (artifact id: '81f44c8d667c3ffa60dedb6c6e66cbf7') in 0.699760 seconds 
========================================================================
Received Import Request.
  Time since last request: 0.000025 seconds.
  path: Assets/Assets/Base pack/bg.png
  artifactKey: Guid(bd9ffbcdc20dabc4fb000b26e069cbe2) Importer(815301076,1909f56bfc062723c751e8b465ee728b)
Start importing Assets/Assets/Base pack/bg.png using Guid(bd9ffbcdc20dabc4fb000b26e069cbe2) Importer(815301076,1909f56bfc062723c751e8b465ee728b)  -> (artifact id: '441a45823e4f3ab48cb16f5a07a341e6') in 0.703687 seconds 
========================================================================
Received Import Request.
  Time since last request: 1.449791 seconds.
  path: Assets/Packages/Prefabs/Tortuga.prefab
  artifactKey: Guid(4f5f142ba9b39a54ca04d92e58d68f2b) Importer(815301076,1909f56bfc062723c751e8b465ee728b)
Start importing Assets/Packages/Prefabs/Tortuga.prefab using Guid(4f5f142ba9b39a54ca04d92e58d68f2b) Importer(815301076,1909f56bfc062723c751e8b465ee728b)  -> (artifact id: 'aa2ae0a9855e4b79b8c83608d263cc0c') in 0.160182 seconds 
========================================================================
Received Import Request.
  Time since last request: 1.606137 seconds.
  path: Assets/Packages/Tilemap/anemometer.png
  artifactKey: Guid(9819c47651f277b4e9579ebcf1b45a81) Importer(815301076,1909f56bfc062723c751e8b465ee728b)
Start importing Assets/Packages/Tilemap/anemometer.png using Guid(9819c47651f277b4e9579ebcf1b45a81) Importer(815301076,1909f56bfc062723c751e8b465ee728b)  -> (artifact id: '96b972da7947afba5cbdb8a58be82674') in 0.019486 seconds 
========================================================================
Received Import Request.
  Time since last request: 0.000040 seconds.
  path: Assets/Packages/Tilemap/awningRed.png
  artifactKey: Guid(81325821d1672ef4e911e0e1ccf2e934) Importer(815301076,1909f56bfc062723c751e8b465ee728b)
Start importing Assets/Packages/Tilemap/awningRed.png using Guid(81325821d1672ef4e911e0e1ccf2e934) Importer(815301076,1909f56bfc062723c751e8b465ee728b)  -> (artifact id: 'fc084509cacec16c6e680d1fa34f17db') in 0.094507 seconds 
========================================================================
Received Import Request.
  Time since last request: 0.007870 seconds.
  path: Assets/Packages/Tilemap/chimneyThin.png
  artifactKey: Guid(0d839cf6d37b2314f89eee3029fd9a91) Importer(815301076,1909f56bfc062723c751e8b465ee728b)
Start importing Assets/Packages/Tilemap/chimneyThin.png using Guid(0d839cf6d37b2314f89eee3029fd9a91) Importer(815301076,1909f56bfc062723c751e8b465ee728b)  -> (artifact id: '5f72b56cfeae04d3d7c9ce52861e35ed') in 0.020686 seconds 
========================================================================
Received Import Request.
  Time since last request: 0.000035 seconds.
  path: Assets/Packages/Tilemap/houseDarkBottomMid.png
  artifactKey: Guid(48eb98d4880850e4b9f62534013245e2) Importer(815301076,1909f56bfc062723c751e8b465ee728b)
Start importing Assets/Packages/Tilemap/houseDarkBottomMid.png using Guid(48eb98d4880850e4b9f62534013245e2) Importer(815301076,1909f56bfc062723c751e8b465ee728b)  -> (artifact id: '280fd42d2821b1cd8540913a0e539b1f') in 0.015645 seconds 
========================================================================
Received Import Request.
  Time since last request: 0.000036 seconds.
  path: Assets/Packages/Tilemap/houseDark.png
  artifactKey: Guid(29330a20a71d596458fdecb10084bdbb) Importer(815301076,1909f56bfc062723c751e8b465ee728b)
Start importing Assets/Packages/Tilemap/houseDark.png using Guid(29330a20a71d596458fdecb10084bdbb) Importer(815301076,1909f56bfc062723c751e8b465ee728b)  -> (artifact id: '580019b2df33b78cc263a50f7c965b60') in 0.017916 seconds 
========================================================================
Received Import Request.
  Time since last request: 0.000048 seconds.
  path: Assets/Packages/Tilemap/fenceGate.png
  artifactKey: Guid(4bef883fb4a79234bb4765e7760db469) Importer(815301076,1909f56bfc062723c751e8b465ee728b)
Start importing Assets/Packages/Tilemap/fenceGate.png using Guid(4bef883fb4a79234bb4765e7760db469) Importer(815301076,1909f56bfc062723c751e8b465ee728b)  -> (artifact id: '26981b7a2da1dfc36d108318f2072bf7') in 0.013994 seconds 
========================================================================
Received Import Request.
  Time since last request: 0.000034 seconds.
  path: Assets/Packages/Tilemap/doorTop.png
  artifactKey: Guid(1c89be53f9b2eee40af779205a4a5b6d) Importer(815301076,1909f56bfc062723c751e8b465ee728b)
Start importing Assets/Packages/Tilemap/doorTop.png using Guid(1c89be53f9b2eee40af779205a4a5b6d) Importer(815301076,1909f56bfc062723c751e8b465ee728b)  -> (artifact id: '15532915473c6a3a52248be2d04dbf0e') in 0.018496 seconds 
========================================================================
Received Import Request.
  Time since last request: 0.000029 seconds.
  path: Assets/Packages/Tilemap/houseDarkBottomRight.png
  artifactKey: Guid(49e3646822bd4454ba48446725f02f84) Importer(815301076,1909f56bfc062723c751e8b465ee728b)
Start importing Assets/Packages/Tilemap/houseDarkBottomRight.png using Guid(49e3646822bd4454ba48446725f02f84) Importer(815301076,1909f56bfc062723c751e8b465ee728b)  -> (artifact id: 'bafce7251eb0550e1f725d9e30201e3f') in 0.017504 seconds 
========================================================================
Received Import Request.
  Time since last request: 0.000025 seconds.
  path: Assets/Packages/Tilemap/houseDarkAlt.png
  artifactKey: Guid(2b34f54395117f34ba4187cb2a1e3759) Importer(815301076,1909f56bfc062723c751e8b465ee728b)
Start importing Assets/Packages/Tilemap/houseDarkAlt.png using Guid(2b34f54395117f34ba4187cb2a1e3759) Importer(815301076,1909f56bfc062723c751e8b465ee728b)  -> (artifact id: '423244c15170ffc63d78092cd814bb6c') in 0.018320 seconds 
========================================================================
Received Import Request.
  Time since last request: 0.000030 seconds.
  path: Assets/Packages/Tilemap/houseBeigeTopMid.png
  artifactKey: Guid(63fb28271eb7dc34595cc9c4792ac827) Importer(815301076,1909f56bfc062723c751e8b465ee728b)
Start importing Assets/Packages/Tilemap/houseBeigeTopMid.png using Guid(63fb28271eb7dc34595cc9c4792ac827) Importer(815301076,1909f56bfc062723c751e8b465ee728b)  -> (artifact id: 'a030f98979d6909dadf8f45cdd4acb29') in 0.015623 seconds 
========================================================================
Received Import Request.
  Time since last request: 0.000034 seconds.
  path: Assets/Packages/Tilemap/doorOpenTop.png
  artifactKey: Guid(bd513262fea73594088ab92763eeaf98) Importer(815301076,1909f56bfc062723c751e8b465ee728b)
Start importing Assets/Packages/Tilemap/doorOpenTop.png using Guid(bd513262fea73594088ab92763eeaf98) Importer(815301076,1909f56bfc062723c751e8b465ee728b)  -> (artifact id: '4471a7b25c13ea30109fe218ac5f6767') in 0.018225 seconds 
========================================================================
Received Import Request.
  Time since last request: 0.000044 seconds.
  path: Assets/Packages/Tilemap/houseBeigeMidLeft.png
  artifactKey: Guid(3c2f9cf1927dfa1468bd80bc49ea73f2) Importer(815301076,1909f56bfc062723c751e8b465ee728b)
Start importing Assets/Packages/Tilemap/houseBeigeMidLeft.png using Guid(3c2f9cf1927dfa1468bd80bc49ea73f2) Importer(815301076,1909f56bfc062723c751e8b465ee728b)  -> (artifact id: 'c85de17020a87efc51aedded17773eb4') in 0.018379 seconds 
========================================================================
Received Import Request.
  Time since last request: 0.000042 seconds.
  path: Assets/Packages/Tilemap/houseBeigeBottomLeft.png
  artifactKey: Guid(c075211d9f896e243b7c899d73976675) Importer(815301076,1909f56bfc062723c751e8b465ee728b)
Start importing Assets/Packages/Tilemap/houseBeigeBottomLeft.png using Guid(c075211d9f896e243b7c899d73976675) Importer(815301076,1909f56bfc062723c751e8b465ee728b)  -> (artifact id: '75729abacbcab736431486ec13eb6b4d') in 0.046640 seconds 
========================================================================
Received Import Request.
  Time since last request: 0.000026 seconds.
  path: Assets/Packages/Tilemap/doorKnobAlt.png
  artifactKey: Guid(8d240c50a50d8ea418d237701aa7c332) Importer(815301076,1909f56bfc062723c751e8b465ee728b)
Start importing Assets/Packages/Tilemap/doorKnobAlt.png using Guid(8d240c50a50d8ea418d237701aa7c332) Importer(815301076,1909f56bfc062723c751e8b465ee728b)  -> (artifact id: 'a7f178a14946fdc877fcb25c9a4f92fc') in 0.016257 seconds 
========================================================================
Received Import Request.
  Time since last request: 0.000048 seconds.
  path: Assets/Packages/Tilemap/houseGrayMidLeft.png
  artifactKey: Guid(f332bdc35e352ce4eb91464b8cd34f68) Importer(815301076,1909f56bfc062723c751e8b465ee728b)
Start importing Assets/Packages/Tilemap/houseGrayMidLeft.png using Guid(f332bdc35e352ce4eb91464b8cd34f68) Importer(815301076,1909f56bfc062723c751e8b465ee728b)  -> (artifact id: 'ba78f829fac011f236cfa2d541436b56') in 0.017302 seconds 
========================================================================
Received Import Request.
  Time since last request: 0.000023 seconds.
  path: Assets/Packages/Tilemap/houseBeige.png
  artifactKey: Guid(11fa21238129d114ab473e4589d4d308) Importer(815301076,1909f56bfc062723c751e8b465ee728b)
Start importing Assets/Packages/Tilemap/houseBeige.png using Guid(11fa21238129d114ab473e4589d4d308) Importer(815301076,1909f56bfc062723c751e8b465ee728b)  -> (artifact id: '640d2a11407a1c054da6382ff9da967d') in 0.016100 seconds 
========================================================================
Received Import Request.
  Time since last request: 0.000035 seconds.
  path: Assets/Packages/Tilemap/houseDarkAlt2.png
  artifactKey: Guid(f3759e42bebea7846a8bb9ead57ad1d0) Importer(815301076,1909f56bfc062723c751e8b465ee728b)
Start importing Assets/Packages/Tilemap/houseDarkAlt2.png using Guid(f3759e42bebea7846a8bb9ead57ad1d0) Importer(815301076,1909f56bfc062723c751e8b465ee728b)  -> (artifact id: 'd63a13e50c45a0684c3a5b956856aa30') in 0.094230 seconds 
========================================================================
Received Import Request.
  Time since last request: 0.000043 seconds.
  path: Assets/Packages/Tilemap/awningGreenRed.png
  artifactKey: Guid(df88e4a88785f764faa6e07aac1438b9) Importer(815301076,1909f56bfc062723c751e8b465ee728b)
Start importing Assets/Packages/Tilemap/awningGreenRed.png using Guid(df88e4a88785f764faa6e07aac1438b9) Importer(815301076,1909f56bfc062723c751e8b465ee728b)  -> (artifact id: '7ae0cf96a35fa04080744bfed3d60855') in 0.024854 seconds 
========================================================================
Received Import Request.
  Time since last request: 0.000042 seconds.
  path: Assets/Packages/Tilemap/houseGrayMidRight.png
  artifactKey: Guid(0bde0fe6d1622434594a57e2c18af5f8) Importer(815301076,1909f56bfc062723c751e8b465ee728b)
Start importing Assets/Packages/Tilemap/houseGrayMidRight.png using Guid(0bde0fe6d1622434594a57e2c18af5f8) Importer(815301076,1909f56bfc062723c751e8b465ee728b)  -> (artifact id: 'f36e2b2fd4871d96f84c9fdc3e50afb6') in 0.102615 seconds 
========================================================================
Received Import Request.
  Time since last request: 0.000024 seconds.
  path: Assets/Packages/Tilemap Palette/castleCliffLeft.png
  artifactKey: Guid(d941aad380f44274c892e136f1e5a1eb) Importer(815301076,1909f56bfc062723c751e8b465ee728b)
Start importing Assets/Packages/Tilemap Palette/castleCliffLeft.png using Guid(d941aad380f44274c892e136f1e5a1eb) Importer(815301076,1909f56bfc062723c751e8b465ee728b)  -> (artifact id: 'a5d508c8f4832f73ba534e0c79907312') in 0.037027 seconds 
========================================================================
Received Import Request.
  Time since last request: 0.000035 seconds.
  path: Assets/Packages/Tilemap Palette/bridge.png
  artifactKey: Guid(a248aa5a75edbd34cb56f87eb8b2072f) Importer(815301076,1909f56bfc062723c751e8b465ee728b)
Start importing Assets/Packages/Tilemap Palette/bridge.png using Guid(a248aa5a75edbd34cb56f87eb8b2072f) Importer(815301076,1909f56bfc062723c751e8b465ee728b)  -> (artifact id: 'b7de2659d83d5fcd5481e94ea2ea58e8') in 0.035807 seconds 
========================================================================
Received Import Request.
  Time since last request: 0.000028 seconds.
  path: Assets/Packages/Tilemap Palette/dirtCliffLeft.png
  artifactKey: Guid(1ce305fc420521640913ef0411d66e3a) Importer(815301076,1909f56bfc062723c751e8b465ee728b)
Start importing Assets/Packages/Tilemap Palette/dirtCliffLeft.png using Guid(1ce305fc420521640913ef0411d66e3a) Importer(815301076,1909f56bfc062723c751e8b465ee728b)  -> (artifact id: '7ecbd45579d2d80997de6add19719f51') in 0.115361 seconds 
========================================================================
Received Import Request.
  Time since last request: 0.000023 seconds.
  path: Assets/Packages/Tilemap Palette/dirtCliffRightAlt.png
  artifactKey: Guid(c02fa9e6e407e9842b6d6b503bd45c6c) Importer(815301076,1909f56bfc062723c751e8b465ee728b)
Start importing Assets/Packages/Tilemap Palette/dirtCliffRightAlt.png using Guid(c02fa9e6e407e9842b6d6b503bd45c6c) Importer(815301076,1909f56bfc062723c751e8b465ee728b)  -> (artifact id: '6df05b1c868f94dde541f37ecc8dcea2') in 0.189710 seconds 
========================================================================
Received Import Request.
  Time since last request: 0.000032 seconds.
  path: Assets/Packages/Tilemap Palette/boxCoin.png
  artifactKey: Guid(a657f2daeaf9c9941a2772634f1482b3) Importer(815301076,1909f56bfc062723c751e8b465ee728b)
Start importing Assets/Packages/Tilemap Palette/boxCoin.png using Guid(a657f2daeaf9c9941a2772634f1482b3) Importer(815301076,1909f56bfc062723c751e8b465ee728b)  -> (artifact id: '6e73acee3b9e5a92fb0a045a3a5241c0') in 0.076400 seconds 
========================================================================
Received Import Request.
  Time since last request: 0.000047 seconds.
  path: Assets/Packages/Tilemap Palette/castleHalfLeft.png
  artifactKey: Guid(134d5d9dd0f86b1468661248b36adb11) Importer(815301076,1909f56bfc062723c751e8b465ee728b)
Start importing Assets/Packages/Tilemap Palette/castleHalfLeft.png using Guid(134d5d9dd0f86b1468661248b36adb11) Importer(815301076,1909f56bfc062723c751e8b465ee728b)  -> (artifact id: 'f0693bc870afb5ac45c9722ebf224d05') in 0.019408 seconds 
========================================================================
Received Import Request.
  Time since last request: 0.000025 seconds.
  path: Assets/Packages/Tilemap Palette/boxItem_disabled.png
  artifactKey: Guid(63ea1d89d276b4b41804d89c7e042ae4) Importer(815301076,1909f56bfc062723c751e8b465ee728b)
Start importing Assets/Packages/Tilemap Palette/boxItem_disabled.png using Guid(63ea1d89d276b4b41804d89c7e042ae4) Importer(815301076,1909f56bfc062723c751e8b465ee728b)  -> (artifact id: 'da10f1971f04ac7a994c5f825026aef9') in 0.084505 seconds 
========================================================================
Received Import Request.
  Time since last request: 0.000025 seconds.
  path: Assets/Packages/Tilemap Palette/castleCenter_rounded.png
  artifactKey: Guid(61e850ef97ba45f4a82933c07edee18d) Importer(815301076,1909f56bfc062723c751e8b465ee728b)
Start importing Assets/Packages/Tilemap Palette/castleCenter_rounded.png using Guid(61e850ef97ba45f4a82933c07edee18d) Importer(815301076,1909f56bfc062723c751e8b465ee728b)  -> (artifact id: '5c0015fb6682cc2615e6a244caf7de6a') in 0.028692 seconds 
========================================================================
Received Import Request.
  Time since last request: 0.000059 seconds.
  path: Assets/Packages/Tilemap Palette/castleLedgeLeft.png
  artifactKey: Guid(9b4f7cfc851d5ae49a725929a037c5d0) Importer(815301076,1909f56bfc062723c751e8b465ee728b)
Start importing Assets/Packages/Tilemap Palette/castleLedgeLeft.png using Guid(9b4f7cfc851d5ae49a725929a037c5d0) Importer(815301076,1909f56bfc062723c751e8b465ee728b)  -> (artifact id: '99c47158d92099e7130fff41ce8333db') in 0.085237 seconds 
========================================================================
Received Import Request.
  Time since last request: 0.000038 seconds.
  path: Assets/Packages/Tilemap Palette/boxEmpty.png
  artifactKey: Guid(4deb2bf2222a7ec419abb83a5d8c0270) Importer(815301076,1909f56bfc062723c751e8b465ee728b)
Start importing Assets/Packages/Tilemap Palette/boxEmpty.png using Guid(4deb2bf2222a7ec419abb83a5d8c0270) Importer(815301076,1909f56bfc062723c751e8b465ee728b)  -> (artifact id: '312528a093e9227f7a2b36a9e286cef7') in 0.049470 seconds 
========================================================================
Received Import Request.
  Time since last request: 0.000035 seconds.
  path: Assets/Packages/Tilemap Palette/brickWall.png
  artifactKey: Guid(4cae308e6b784d6488d243589b733278) Importer(815301076,1909f56bfc062723c751e8b465ee728b)
Start importing Assets/Packages/Tilemap Palette/brickWall.png using Guid(4cae308e6b784d6488d243589b733278) Importer(815301076,1909f56bfc062723c751e8b465ee728b)  -> (artifact id: '322d17192b1df135d74489ad622934f4') in 0.116120 seconds 
========================================================================
Received Import Request.
  Time since last request: 0.000044 seconds.
  path: Assets/Packages/Tilemap Palette/castleCliffLeftAlt.png
  artifactKey: Guid(3e71fd953280eb945932913dce059f2c) Importer(815301076,1909f56bfc062723c751e8b465ee728b)
Start importing Assets/Packages/Tilemap Palette/castleCliffLeftAlt.png using Guid(3e71fd953280eb945932913dce059f2c) Importer(815301076,1909f56bfc062723c751e8b465ee728b)  -> (artifact id: 'cd1feaeaa86ee5b2120c149062178247') in 0.019755 seconds 
========================================================================
Received Import Request.
  Time since last request: 0.000043 seconds.
  path: Assets/Packages/Tilemap Palette/castleHalfMid.png
  artifactKey: Guid(0137f588d4435d54b96445426fbca0fd) Importer(815301076,1909f56bfc062723c751e8b465ee728b)
Start importing Assets/Packages/Tilemap Palette/castleHalfMid.png using Guid(0137f588d4435d54b96445426fbca0fd) Importer(815301076,1909f56bfc062723c751e8b465ee728b)  -> (artifact id: '06a1445c0152aecf0c7bdeb82d77e23e') in 0.047948 seconds 
========================================================================
Received Import Request.
  Time since last request: 0.000035 seconds.
  path: Assets/Packages/Tilemap Palette/castleCenter.png
  artifactKey: Guid(e262e2e6fe538484ba2c5fa71e787e48) Importer(815301076,1909f56bfc062723c751e8b465ee728b)
Start importing Assets/Packages/Tilemap Palette/castleCenter.png using Guid(e262e2e6fe538484ba2c5fa71e787e48) Importer(815301076,1909f56bfc062723c751e8b465ee728b)  -> (artifact id: '08eb569326e18aea06761c0c1ecca2d3') in 0.018845 seconds 
========================================================================
Received Import Request.
  Time since last request: 0.000035 seconds.
  path: Assets/Packages/Tilemap/fenceLong.png
  artifactKey: Guid(9d8010e6480753941aa1b321323e8d47) Importer(815301076,1909f56bfc062723c751e8b465ee728b)
Start importing Assets/Packages/Tilemap/fenceLong.png using Guid(9d8010e6480753941aa1b321323e8d47) Importer(815301076,1909f56bfc062723c751e8b465ee728b)  -> (artifact id: 'e92fe817640e4628e6384fab21268d26') in 0.017609 seconds 
========================================================================
Received Import Request.
  Time since last request: 0.000032 seconds.
  path: Assets/Packages/Tilemap/houseDarkTopMid.png
  artifactKey: Guid(1dcdb2735b89ae54599199072f94c96b) Importer(815301076,1909f56bfc062723c751e8b465ee728b)
Start importing Assets/Packages/Tilemap/houseDarkTopMid.png using Guid(1dcdb2735b89ae54599199072f94c96b) Importer(815301076,1909f56bfc062723c751e8b465ee728b)  -> (artifact id: '465730efce20818442e37080192e5e17') in 0.042893 seconds 
========================================================================
Received Import Request.
  Time since last request: 0.000044 seconds.
  path: Assets/Packages/Tilemap/houseGrayAlt2.png
  artifactKey: Guid(b41dcabcd587124488c3b41179c61bcd) Importer(815301076,1909f56bfc062723c751e8b465ee728b)
Start importing Assets/Packages/Tilemap/houseGrayAlt2.png using Guid(b41dcabcd587124488c3b41179c61bcd) Importer(815301076,1909f56bfc062723c751e8b465ee728b)  -> (artifact id: '05be206298d165a5832f278b03d160f2') in 0.034756 seconds 
========================================================================
Received Import Request.
  Time since last request: 0.000034 seconds.
  path: Assets/Packages/Tilemap/houseDarkMidRight.png
  artifactKey: Guid(c3a87ce82a04cf346aff0b53f54ebb0d) Importer(815301076,1909f56bfc062723c751e8b465ee728b)
Start importing Assets/Packages/Tilemap/houseDarkMidRight.png using Guid(c3a87ce82a04cf346aff0b53f54ebb0d) Importer(815301076,1909f56bfc062723c751e8b465ee728b)  -> (artifact id: 'b6549dc253582bca0adcb69c86b96484') in 0.084897 seconds 
========================================================================
Received Import Request.
  Time since last request: 0.000029 seconds.
  path: Assets/Packages/Tilemap Palette/castleHalf.png
  artifactKey: Guid(7eefe968454bc3c4f802a178ee53b621) Importer(815301076,1909f56bfc062723c751e8b465ee728b)
Start importing Assets/Packages/Tilemap Palette/castleHalf.png using Guid(7eefe968454bc3c4f802a178ee53b621) Importer(815301076,1909f56bfc062723c751e8b465ee728b)  -> (artifact id: 'f5178b5b46ae74a26a07600ea9c9d00f') in 0.019000 seconds 
========================================================================
Received Import Request.
  Time since last request: 0.000033 seconds.
  path: Assets/Packages/Tilemap Palette/dirtCenter.png
  artifactKey: Guid(d8c80198cdb03f348823a1b13b85beee) Importer(815301076,1909f56bfc062723c751e8b465ee728b)
Start importing Assets/Packages/Tilemap Palette/dirtCenter.png using Guid(d8c80198cdb03f348823a1b13b85beee) Importer(815301076,1909f56bfc062723c751e8b465ee728b)  -> (artifact id: '86950feda8e070088181376d6a6e4dac') in 0.017688 seconds 
========================================================================
Received Import Request.
  Time since last request: 0.000040 seconds.
  path: Assets/Packages/Tilemap Palette/dirtCliffLeftAlt.png
  artifactKey: Guid(d9f3dedfd6b2d9d48a05e227530714b3) Importer(815301076,1909f56bfc062723c751e8b465ee728b)
Start importing Assets/Packages/Tilemap Palette/dirtCliffLeftAlt.png using Guid(d9f3dedfd6b2d9d48a05e227530714b3) Importer(815301076,1909f56bfc062723c751e8b465ee728b)  -> (artifact id: '50bbf4a52c8dc9488ab49e09c1188cca') in 0.040907 seconds 
========================================================================
Received Import Request.
  Time since last request: 0.000026 seconds.
  path: Assets/Packages/Tilemap Palette/box.png
  artifactKey: Guid(3c3e8934663de23438a39e33193d9213) Importer(815301076,1909f56bfc062723c751e8b465ee728b)
Start importing Assets/Packages/Tilemap Palette/box.png using Guid(3c3e8934663de23438a39e33193d9213) Importer(815301076,1909f56bfc062723c751e8b465ee728b)  -> (artifact id: 'fb8fa1de563498dc61734fc341002012') in 0.095297 seconds 
========================================================================
Received Import Request.
  Time since last request: 0.000038 seconds.
  path: Assets/Packages/Tilemap/doorKnob.png
  artifactKey: Guid(d6c34c8aba0b50c499a3314feb5da558) Importer(815301076,1909f56bfc062723c751e8b465ee728b)
Start importing Assets/Packages/Tilemap/doorKnob.png using Guid(d6c34c8aba0b50c499a3314feb5da558) Importer(815301076,1909f56bfc062723c751e8b465ee728b)  -> (artifact id: '43385158b984f6b739b6bfb0442f3a8c') in 0.170808 seconds 
========================================================================
Received Import Request.
  Time since last request: 0.000045 seconds.
  path: Assets/Packages/Tilemap Palette/boxWarning.png
  artifactKey: Guid(f9f5fe367fb0ed9419b5ee9f13a943c5) Importer(815301076,1909f56bfc062723c751e8b465ee728b)
Start importing Assets/Packages/Tilemap Palette/boxWarning.png using Guid(f9f5fe367fb0ed9419b5ee9f13a943c5) Importer(815301076,1909f56bfc062723c751e8b465ee728b)  -> (artifact id: '4e96126541cacae3de9e876755b1c2fb') in 0.063732 seconds 
========================================================================
Received Import Request.
  Time since last request: 0.000042 seconds.
  path: Assets/Packages/Tilemap/houseBeigeBottomMid.png
  artifactKey: Guid(b4ea548573a446c4fac46a5f1e4c61ac) Importer(815301076,1909f56bfc062723c751e8b465ee728b)
Start importing Assets/Packages/Tilemap/houseBeigeBottomMid.png using Guid(b4ea548573a446c4fac46a5f1e4c61ac) Importer(815301076,1909f56bfc062723c751e8b465ee728b)  -> (artifact id: 'ac2989b67f71295ec76c2b526d3f9e00') in 0.076900 seconds 
========================================================================
Received Import Request.
  Time since last request: 0.000051 seconds.
  path: Assets/Packages/Tilemap Palette/boxExplosive.png
  artifactKey: Guid(d80dfcec3fb72fd48a71f773a3dc3f83) Importer(815301076,1909f56bfc062723c751e8b465ee728b)
Start importing Assets/Packages/Tilemap Palette/boxExplosive.png using Guid(d80dfcec3fb72fd48a71f773a3dc3f83) Importer(815301076,1909f56bfc062723c751e8b465ee728b)  -> (artifact id: '40933e729163fc75916f0e3edca0b66c') in 0.207167 seconds 
========================================================================
Received Import Request.
  Time since last request: 0.000029 seconds.
  path: Assets/Packages/Tilemap Palette/castleHillRight2.png
  artifactKey: Guid(4064640c30d874b4dbae9ff66ef56ad8) Importer(815301076,1909f56bfc062723c751e8b465ee728b)
Start importing Assets/Packages/Tilemap Palette/castleHillRight2.png using Guid(4064640c30d874b4dbae9ff66ef56ad8) Importer(815301076,1909f56bfc062723c751e8b465ee728b)  -> (artifact id: 'aa235ce4057d502b67cd2c246394e05c') in 0.255233 seconds 
========================================================================
Received Import Request.
  Time since last request: 0.000040 seconds.
  path: Assets/Packages/Tilemap/doorPlateTop.png
  artifactKey: Guid(15067c797f7dd994da518dfbf2a526d6) Importer(815301076,1909f56bfc062723c751e8b465ee728b)
Start importing Assets/Packages/Tilemap/doorPlateTop.png using Guid(15067c797f7dd994da518dfbf2a526d6) Importer(815301076,1909f56bfc062723c751e8b465ee728b)  -> (artifact id: '543392a82e2c487e199dd42ef36525e0') in 0.172423 seconds 
========================================================================
Received Import Request.
  Time since last request: 0.000036 seconds.
  path: Assets/Packages/Tilemap Palette/bridgeLogs.png
  artifactKey: Guid(ad33ea24ff568344abb48e8047029646) Importer(815301076,1909f56bfc062723c751e8b465ee728b)
Start importing Assets/Packages/Tilemap Palette/bridgeLogs.png using Guid(ad33ea24ff568344abb48e8047029646) Importer(815301076,1909f56bfc062723c751e8b465ee728b)  -> (artifact id: '5d8c38a6b68f94266140ffac9cacabf3') in 0.035293 seconds 
========================================================================
Received Prepare
Registering precompiled user dll's ...
Registered in 0.003855 seconds.
Begin MonoManager ReloadAssembly
Native extension for WindowsStandalone target not found
Refreshing native plugins compatible for Editor in 0.94 ms, found 3 plugins.
Preloading 0 native plugins for Editor in 0.00 ms.
Mono: successfully reloaded assembly
- Completed reload, in  1.019 seconds
Domain Reload Profiling:
	ReloadAssembly (1020ms)
		BeginReloadAssembly (165ms)
			ExecutionOrderSort (0ms)
			DisableScriptedObjects (7ms)
			BackupInstance (0ms)
			ReleaseScriptingObjects (0ms)
			CreateAndSetChildDomain (43ms)
		EndReloadAssembly (739ms)
			LoadAssemblies (108ms)
			RebuildTransferFunctionScriptingTraits (0ms)
			SetupTypeCache (223ms)
			ReleaseScriptCaches (2ms)
			RebuildScriptCaches (50ms)
			SetupLoadedEditorAssemblies (326ms)
				LogAssemblyErrors (0ms)
				InitializePlatformSupportModulesInManaged (13ms)
				SetLoadedEditorAssemblies (0ms)
				RefreshPlugins (1ms)
				BeforeProcessingInitializeOnLoad (54ms)
				ProcessInitializeOnLoadAttributes (207ms)
				ProcessInitializeOnLoadMethodAttributes (48ms)
				AfterProcessingInitializeOnLoad (2ms)
				EditorAssembliesLoaded (0ms)
			ExecutionOrderSort2 (0ms)
			AwakeInstancesAfterBackupRestoration (10ms)
Platform modules already initialized, skipping
Refreshing native plugins compatible for Editor in 3.10 ms, found 3 plugins.
Preloading 0 native plugins for Editor in 0.00 ms.
Unloading 2454 Unused Serialized files (Serialized files now loaded: 0)
Unloading 20 unused Assets / (24.7 KB). Loaded Objects now: 2944.
Memory consumption went from 114.5 MB to 114.5 MB.
Total: 4.269400 ms (FindLiveObjects: 0.308300 ms CreateObjectMapping: 0.087400 ms MarkObjects: 3.831600 ms  DeleteObjects: 0.039700 ms)

AssetImportParameters requested are different than current active one (requested -> active):
  custom:video-decoder-ogg-theora: a1e56fd34408186e4bbccfd4996cb3dc -> 
  custom:container-muxer-webm: aa71ff27fc2769a1b78a27578f13a17b -> 
  custom:container-demuxer-webm: 4f35f7cbe854078d1ac9338744f61a02 -> 
  custom:video-encoder-webm-vp8: eb34c28f22e8b96e1ab97ce403110664 -> 
  custom:video-codec-MediaFoundation-h265: 746d11721c4dcdbdad8f713fa42b33f4 -> 
  custom:audio-encoder-webm-vorbis: bf7c407c2cedff20999df2af8eb42d56 -> 
  custom:framework-win-MediaFoundation: 216162199b28c13a410421893ffa2e32 -> 
  custom:container-demuxer-ogg: 62fdf1f143b41e24485cea50d1cbac27 -> 
  custom:video-decoder-webm-vp8: 9c59270c3fd7afecdb556c50c9e8de78 -> 
  custom:audio-decoder-ogg-vorbis: bf7c407c2cedff20999df2af8eb42d56 -> 
Editor requested this worker to shutdown with reason: Scaling down because of idle timeout
AssetImportWorker is now disconnected from the server
Process exiting
Exiting without the bug reporter. Application will terminate with return code 0